<?xml version="1.0" encoding="UTF-8"?>
<testsuite xmlns:xsi="http://www.w3.org/2001/XMLSchema-instance" xsi:noNamespaceSchemaLocation="https://maven.apache.org/surefire/maven-surefire-plugin/xsd/surefire-test-report.xsd" name="LoginTests" time="26.26" tests="4" errors="0" skipped="0" failures="0">
  <properties>
[...]
</properties>
  <testcase name="loginUserRecoverPasswordButton" classname="LoginTests" time="10.961"/>
  <testcase name="loginUserPersonalAccountButton" classname="LoginTests" time="5.27"/>
  <testcase name="loginUserRegistrationForm" classname="LoginTests" time="4.868"/>
  <testcase name="loginUserLoginButton" classname="LoginTests" time="5.15"/>
</testsuite>